<?xml version="1.0" encoding="UTF-8"?><testsuites time="0.894"><testsuite name="users" tests="2" failures="1" errors="0" time="0.504" timestamp="2014-03-25T22:02:36.532Z" package="test/acceptance/users_test"><testcase name="HTTP status code is: 200" classname="test/acceptance/users_test" time="0.482"></testcase><testcase name="full name selector is visible" classname="test/acceptance/users_test" time="0.022"><failure type="assertVisible">full name selector is visible</failure></testcase><system-out></system-out></testsuite><testsuite name="users" tests="3" failures="3" errors="0" time="0.127" timestamp="2014-03-25T22:02:36.533Z" package="test/acceptance/signup_test"><testcase name="HTTP status code is: 200" classname="test/acceptance/signup_test" time="0.088"><failure type="assertHttpStatus">no message left</failure></testcase><testcase name="Errors encountered while filling form: form not found" classname="test/acceptance/signup_test" time="0.02"><error type="object">CasperError: Errors encountered while filling form: form not found
    at fillForm (/Users/Sam/Documents/MixologyApp/node_modules/grunt-casper/node_modules/casperjs/modules/casper.js:802)
    at fillNames (/Users/Sam/Documents/MixologyApp/node_modules/grunt-casper/node_modules/casperjs/modules/casper.js:862)
    at /Users/Sam/Documents/MixologyApp/test/acceptance/signup_test.js:17
    at runStep (/Users/Sam/Documents/MixologyApp/node_modules/grunt-casper/node_modules/casperjs/modules/casper.js:1553)
    at checkStep (/Users/Sam/Documents/MixologyApp/node_modules/grunt-casper/node_modules/casperjs/modules/casper.js:399)</error><failure type="uncaughtError">Errors encountered while filling form: form not found</failure></testcase><testcase name="page body contains profile" classname="test/acceptance/signup_test" time="0.019"><failure type="assertTextExists">page body contains profile</failure></testcase><system-out></system-out></testsuite><testsuite name="home page" tests="3" failures="2" errors="0" time="0.263" timestamp="2014-03-25T22:02:36.533Z" package="test/acceptance/home_page_test"><testcase name="HTTP status code is: 200" classname="test/acceptance/home_page_test" time="0.222"></testcase><testcase name="title is OurAgendaApp" classname="test/acceptance/home_page_test" time="0.021"><failure type="assertTitle">title is OurAgendaApp</failure></testcase><testcase name="Find &quot;OurAgendaApp&quot; within the selector &quot;h1.largeHeader&quot;" classname="test/acceptance/home_page_test" time="0.02"><failure type="assertSelectorHasText">no message left</failure></testcase><system-out></system-out></testsuite></testsuites>